2022-05-27T10:09:06+00:00 CRITICAL Uncaught TypeError: call_user_func(): Argument #1 ($callback) must be a valid callback, non-static method Astra_Builder_Header::header_woo_cart() cannot be called statically in C:\xampp\new\htdocs\wordpress\wp-includes\customize\class-wp-customize-partial.php:221
Stack trace:
#0 C:\xampp\new\htdocs\wordpress\wp-includes\customize\class-wp-customize-selective-refresh.php(371): WP_Customize_Partial->render(Array)
#1 C:\xampp\new\htdocs\wordpress\wp-includes\class-wp-hook.php(307): WP_Customize_Selective_Refresh->handle_render_partials_request('')
#2 C:\xampp\new\htdocs\wordpress\wp-includes\class-wp-hook.php(331): WP_Hook->apply_filters(NULL, Array)
#3 C:\xampp\new\htdocs\wordpress\wp-includes\plugin.php(474): WP_Hook->do_action(Array)
#4 C:\xampp\new\htdocs\wordpress\wp-includes\template-loader.php(13): do_action('template_redire...')
#5 C:\xampp\new\htdocs\wordpress\wp-blog-header.php(19): require_once('C:\\xampp\\new\\ht...')
#6 C:\xampp\new\htdocs\wordpress\index.php(17): require('C:\\xampp\\new\\ht...')
#7 {main}
  thrown dans C:\xampp\new\htdocs\wordpress\wp-includes\customize\class-wp-customize-partial.php à la ligne 221

2022-05-27T10:09:17+00:00 CRITICAL Uncaught TypeError: call_user_func(): Argument #1 ($callback) must be a valid callback, non-static method Astra_Builder_Header::header_woo_cart() cannot be called statically in C:\xampp\new\htdocs\wordpress\wp-includes\customize\class-wp-customize-partial.php:221
Stack trace:
#0 C:\xampp\new\htdocs\wordpress\wp-includes\customize\class-wp-customize-selective-refresh.php(371): WP_Customize_Partial->render(Array)
#1 C:\xampp\new\htdocs\wordpress\wp-includes\class-wp-hook.php(307): WP_Customize_Selective_Refresh->handle_render_partials_request('')
#2 C:\xampp\new\htdocs\wordpress\wp-includes\class-wp-hook.php(331): WP_Hook->apply_filters(NULL, Array)
#3 C:\xampp\new\htdocs\wordpress\wp-includes\plugin.php(474): WP_Hook->do_action(Array)
#4 C:\xampp\new\htdocs\wordpress\wp-includes\template-loader.php(13): do_action('template_redire...')
#5 C:\xampp\new\htdocs\wordpress\wp-blog-header.php(19): require_once('C:\\xampp\\new\\ht...')
#6 C:\xampp\new\htdocs\wordpress\index.php(17): require('C:\\xampp\\new\\ht...')
#7 {main}
  thrown dans C:\xampp\new\htdocs\wordpress\wp-includes\customize\class-wp-customize-partial.php à la ligne 221

2022-05-27T10:10:12+00:00 CRITICAL Uncaught TypeError: call_user_func(): Argument #1 ($callback) must be a valid callback, non-static method Astra_Builder_Header::header_woo_cart() cannot be called statically in C:\xampp\new\htdocs\wordpress\wp-includes\customize\class-wp-customize-partial.php:221
Stack trace:
#0 C:\xampp\new\htdocs\wordpress\wp-includes\customize\class-wp-customize-selective-refresh.php(371): WP_Customize_Partial->render(Array)
#1 C:\xampp\new\htdocs\wordpress\wp-includes\class-wp-hook.php(307): WP_Customize_Selective_Refresh->handle_render_partials_request('')
#2 C:\xampp\new\htdocs\wordpress\wp-includes\class-wp-hook.php(331): WP_Hook->apply_filters(NULL, Array)
#3 C:\xampp\new\htdocs\wordpress\wp-includes\plugin.php(474): WP_Hook->do_action(Array)
#4 C:\xampp\new\htdocs\wordpress\wp-includes\template-loader.php(13): do_action('template_redire...')
#5 C:\xampp\new\htdocs\wordpress\wp-blog-header.php(19): require_once('C:\\xampp\\new\\ht...')
#6 C:\xampp\new\htdocs\wordpress\index.php(17): require('C:\\xampp\\new\\ht...')
#7 {main}
  thrown dans C:\xampp\new\htdocs\wordpress\wp-includes\customize\class-wp-customize-partial.php à la ligne 221

2022-05-27T10:10:24+00:00 CRITICAL Uncaught TypeError: call_user_func(): Argument #1 ($callback) must be a valid callback, non-static method Astra_Builder_Header::header_woo_cart() cannot be called statically in C:\xampp\new\htdocs\wordpress\wp-includes\customize\class-wp-customize-partial.php:221
Stack trace:
#0 C:\xampp\new\htdocs\wordpress\wp-includes\customize\class-wp-customize-selective-refresh.php(371): WP_Customize_Partial->render(Array)
#1 C:\xampp\new\htdocs\wordpress\wp-includes\class-wp-hook.php(307): WP_Customize_Selective_Refresh->handle_render_partials_request('')
#2 C:\xampp\new\htdocs\wordpress\wp-includes\class-wp-hook.php(331): WP_Hook->apply_filters(NULL, Array)
#3 C:\xampp\new\htdocs\wordpress\wp-includes\plugin.php(474): WP_Hook->do_action(Array)
#4 C:\xampp\new\htdocs\wordpress\wp-includes\template-loader.php(13): do_action('template_redire...')
#5 C:\xampp\new\htdocs\wordpress\wp-blog-header.php(19): require_once('C:\\xampp\\new\\ht...')
#6 C:\xampp\new\htdocs\wordpress\index.php(17): require('C:\\xampp\\new\\ht...')
#7 {main}
  thrown dans C:\xampp\new\htdocs\wordpress\wp-includes\customize\class-wp-customize-partial.php à la ligne 221

